0 info it worked if it ends with ok
1 verbose cli [ '/usr/bin/nodejs',
1 verbose cli   '/usr/bin/npm',
1 verbose cli   'install',
1 verbose cli   '@symfony/webpack-encore',
1 verbose cli   '--save-dev' ]
2 info using npm@1.3.10
3 info using node@v0.10.25
4 verbose cache add [ '@symfony/webpack-encore', null ]
5 verbose cache add name=undefined spec="@symfony/webpack-encore" args=["@symfony/webpack-encore",null]
6 verbose parsed url { protocol: null,
6 verbose parsed url   slashes: null,
6 verbose parsed url   auth: null,
6 verbose parsed url   host: null,
6 verbose parsed url   port: null,
6 verbose parsed url   hostname: null,
6 verbose parsed url   hash: null,
6 verbose parsed url   search: null,
6 verbose parsed url   query: null,
6 verbose parsed url   pathname: '@symfony/webpack-encore',
6 verbose parsed url   path: '@symfony/webpack-encore',
6 verbose parsed url   href: '@symfony/webpack-encore' }
7 verbose cache add name="" spec="symfony/webpack-encore" args=["","symfony/webpack-encore"]
8 verbose parsed url { protocol: null,
8 verbose parsed url   slashes: null,
8 verbose parsed url   auth: null,
8 verbose parsed url   host: null,
8 verbose parsed url   port: null,
8 verbose parsed url   hostname: null,
8 verbose parsed url   hash: null,
8 verbose parsed url   search: null,
8 verbose parsed url   query: null,
8 verbose parsed url   pathname: 'symfony/webpack-encore',
8 verbose parsed url   path: 'symfony/webpack-encore',
8 verbose parsed url   href: 'symfony/webpack-encore' }
9 silly lockFile 3a2d349e-symfony-webpack-encore symfony/webpack-encore
10 verbose lock symfony/webpack-encore /home/limakpol/.npm/3a2d349e-symfony-webpack-encore.lock
11 info maybeGithub Attempting symfony/webpack-encore from git://github.com/symfony/webpack-encore
12 silly lockFile dde27422-ithub-com-symfony-webpack-encore git://github.com/symfony/webpack-encore
13 verbose lock git://github.com/symfony/webpack-encore /home/limakpol/.npm/dde27422-ithub-com-symfony-webpack-encore.lock
14 verbose addRemoteGit [ 'git://github.com/symfony/webpack-encore', 'master' ]
15 verbose git clone git://github.com/symfony/webpack-encore Cloning into bare repository '/home/limakpol/.npm/_git-remotes/git-github-com-symfony-webpack-encore-dde27422'...
16 verbose git fetch -a origin (git://github.com/symfony/webpack-encore)
17 verbose git rev-list -n1 master d23aa92397b74630475e5bdb48369d8a1632bff5
18 verbose resolved git url git://github.com/symfony/webpack-encore#d23aa92397b74630475e5bdb48369d8a1632bff5
19 verbose tar unpack /home/limakpol/tmp/npm-30493-75dkb89B/1505149716670-0.22144364123232663/tmp.tgz
20 silly lockFile ebba1691-6670-0-22144364123232663-package tar:///home/limakpol/tmp/npm-30493-75dkb89B/1505149716670-0.22144364123232663/package
21 verbose lock tar:///home/limakpol/tmp/npm-30493-75dkb89B/1505149716670-0.22144364123232663/package /home/limakpol/.npm/ebba1691-6670-0-22144364123232663-package.lock
22 silly lockFile be3cc0a7-6670-0-22144364123232663-tmp-tgz tar:///home/limakpol/tmp/npm-30493-75dkb89B/1505149716670-0.22144364123232663/tmp.tgz
23 verbose lock tar:///home/limakpol/tmp/npm-30493-75dkb89B/1505149716670-0.22144364123232663/tmp.tgz /home/limakpol/.npm/be3cc0a7-6670-0-22144364123232663-tmp-tgz.lock
24 silly gunzTarPerm modes [ '755', '644' ]
25 silly gunzTarPerm extractEntry
26 silly gunzTarPerm modified mode [ '', 509, 493 ]
27 silly gunzTarPerm extractEntry .editorconfig
28 silly gunzTarPerm modified mode [ '.editorconfig', 436, 420 ]
29 silly gunzTarPerm extractEntry .eslintignore
30 silly gunzTarPerm modified mode [ '.eslintignore', 436, 420 ]
31 silly gunzTarPerm extractEntry .eslintrc.js
32 silly gunzTarPerm modified mode [ '.eslintrc.js', 436, 420 ]
33 silly gunzTarPerm extractEntry .gitignore
34 silly gunzTarPerm modified mode [ '.gitignore', 436, 420 ]
35 silly gunzTarPerm extractEntry .npmignore
36 silly gunzTarPerm modified mode [ '.npmignore', 436, 420 ]
37 silly gunzTarPerm extractEntry .travis.yml
38 silly gunzTarPerm modified mode [ '.travis.yml', 436, 420 ]
39 silly gunzTarPerm extractEntry CHANGELOG.md
40 silly gunzTarPerm modified mode [ 'CHANGELOG.md', 436, 420 ]
41 silly gunzTarPerm extractEntry LICENSE
42 silly gunzTarPerm modified mode [ 'LICENSE', 436, 420 ]
43 silly gunzTarPerm extractEntry README.md
44 silly gunzTarPerm modified mode [ 'README.md', 436, 420 ]
45 silly gunzTarPerm extractEntry appveyor.yml
46 silly gunzTarPerm modified mode [ 'appveyor.yml', 436, 420 ]
47 silly gunzTarPerm extractEntry bin/
48 silly gunzTarPerm modified mode [ 'bin/', 509, 493 ]
49 silly gunzTarPerm extractEntry bin/encore.js
50 silly gunzTarPerm modified mode [ 'bin/encore.js', 509, 493 ]
51 silly gunzTarPerm extractEntry fixtures/
52 silly gunzTarPerm modified mode [ 'fixtures/', 509, 493 ]
53 silly gunzTarPerm extractEntry fixtures/css/
54 silly gunzTarPerm modified mode [ 'fixtures/css/', 509, 493 ]
55 silly gunzTarPerm extractEntry fixtures/css/another_bg_image.css
56 silly gunzTarPerm modified mode [ 'fixtures/css/another_bg_image.css', 436, 420 ]
57 silly gunzTarPerm extractEntry fixtures/css/autoprefixer_test.css
58 silly gunzTarPerm modified mode [ 'fixtures/css/autoprefixer_test.css', 436, 420 ]
59 silly gunzTarPerm extractEntry fixtures/css/background_image.scss
60 silly gunzTarPerm modified mode [ 'fixtures/css/background_image.scss', 436, 420 ]
61 silly gunzTarPerm extractEntry fixtures/css/h1_style.css
62 silly gunzTarPerm modified mode [ 'fixtures/css/h1_style.css', 436, 420 ]
63 silly gunzTarPerm extractEntry fixtures/css/h2_styles.less
64 silly gunzTarPerm modified mode [ 'fixtures/css/h2_styles.less', 436, 420 ]
65 silly gunzTarPerm extractEntry fixtures/css/imports_autoprefixer.css
66 silly gunzTarPerm modified mode [ 'fixtures/css/imports_autoprefixer.css', 436, 420 ]
67 silly gunzTarPerm extractEntry fixtures/css/roboto_font.css
68 silly gunzTarPerm modified mode [ 'fixtures/css/roboto_font.css', 436, 420 ]
69 silly gunzTarPerm extractEntry fixtures/css/same_filename.css
70 silly gunzTarPerm modified mode [ 'fixtures/css/same_filename.css', 436, 420 ]
71 silly gunzTarPerm extractEntry fixtures/css/sass_features.scss
72 silly gunzTarPerm modified mode [ 'fixtures/css/sass_features.scss', 436, 420 ]
73 silly gunzTarPerm extractEntry fixtures/fonts/
74 silly gunzTarPerm modified mode [ 'fixtures/fonts/', 509, 493 ]
75 silly gunzTarPerm extractEntry fixtures/fonts/Roboto.woff2
76 silly gunzTarPerm modified mode [ 'fixtures/fonts/Roboto.woff2', 436, 420 ]
77 silly gunzTarPerm extractEntry fixtures/fonts/same_filename/
78 silly gunzTarPerm modified mode [ 'fixtures/fonts/same_filename/', 509, 493 ]
79 silly gunzTarPerm extractEntry fixtures/fonts/same_filename/Roboto.woff2
80 silly gunzTarPerm modified mode [ 'fixtures/fonts/same_filename/Roboto.woff2', 436, 420 ]
81 silly gunzTarPerm extractEntry fixtures/images/
82 silly gunzTarPerm modified mode [ 'fixtures/images/', 509, 493 ]
83 silly gunzTarPerm extractEntry fixtures/images/same_filename/
84 silly gunzTarPerm modified mode [ 'fixtures/images/same_filename/', 509, 493 ]
85 silly gunzTarPerm extractEntry fixtures/images/same_filename/symfony_logo.png
86 silly gunzTarPerm modified mode [ 'fixtures/images/same_filename/symfony_logo.png', 436, 420 ]
87 silly gunzTarPerm extractEntry fixtures/images/symfony_logo.png
88 silly gunzTarPerm modified mode [ 'fixtures/images/symfony_logo.png', 436, 420 ]
89 silly gunzTarPerm extractEntry fixtures/js/
90 silly gunzTarPerm modified mode [ 'fixtures/js/', 509, 493 ]
91 silly gunzTarPerm extractEntry fixtures/js/CoolReactComponent.jsx
92 silly gunzTarPerm modified mode [ 'fixtures/js/CoolReactComponent.jsx', 436, 420 ]
93 silly gunzTarPerm extractEntry fixtures/js/arrow_function.js
94 silly gunzTarPerm modified mode [ 'fixtures/js/arrow_function.js', 436, 420 ]
95 silly gunzTarPerm extractEntry fixtures/js/class-syntax.js
96 silly gunzTarPerm modified mode [ 'fixtures/js/class-syntax.js', 436, 420 ]
97 silly gunzTarPerm extractEntry fixtures/js/code_split_load_scss.js
98 silly gunzTarPerm modified mode [ 'fixtures/js/code_split_load_scss.js', 436, 420 ]
99 silly gunzTarPerm extractEntry fixtures/js/code_splitting.js
100 silly gunzTarPerm modified mode [ 'fixtures/js/code_splitting.js', 436, 420 ]
101 silly gunzTarPerm extractEntry fixtures/js/index.ts
102 silly gunzTarPerm modified mode [ 'fixtures/js/index.ts', 436, 420 ]
103 silly gunzTarPerm extractEntry fixtures/js/no_require.js
104 silly gunzTarPerm modified mode [ 'fixtures/js/no_require.js', 436, 420 ]
105 silly gunzTarPerm extractEntry fixtures/js/render.ts
106 silly gunzTarPerm modified mode [ 'fixtures/js/render.ts', 436, 420 ]
107 silly gunzTarPerm extractEntry fixtures/js/render2.tsx
108 silly gunzTarPerm modified mode [ 'fixtures/js/render2.tsx', 436, 420 ]
109 silly gunzTarPerm extractEntry fixtures/js/tsconfig.json
110 silly gunzTarPerm modified mode [ 'fixtures/js/tsconfig.json', 436, 420 ]
111 silly gunzTarPerm extractEntry fixtures/vuejs/
112 silly gunzTarPerm modified mode [ 'fixtures/vuejs/', 509, 493 ]
113 silly gunzTarPerm extractEntry fixtures/vuejs/App.vue
114 silly gunzTarPerm modified mode [ 'fixtures/vuejs/App.vue', 436, 420 ]
115 silly gunzTarPerm extractEntry fixtures/vuejs/assets/
116 silly gunzTarPerm modified mode [ 'fixtures/vuejs/assets/', 509, 493 ]
117 silly gunzTarPerm extractEntry fixtures/vuejs/assets/logo.png
118 silly gunzTarPerm modified mode [ 'fixtures/vuejs/assets/logo.png', 436, 420 ]
119 silly gunzTarPerm extractEntry fixtures/vuejs/components/
120 silly gunzTarPerm modified mode [ 'fixtures/vuejs/components/', 509, 493 ]
121 silly gunzTarPerm extractEntry fixtures/vuejs/components/Hello.vue
122 silly gunzTarPerm modified mode [ 'fixtures/vuejs/components/Hello.vue', 436, 420 ]
123 silly gunzTarPerm extractEntry fixtures/vuejs/main.js
124 silly gunzTarPerm modified mode [ 'fixtures/vuejs/main.js', 436, 420 ]
125 silly gunzTarPerm extractEntry index.js
126 silly gunzTarPerm modified mode [ 'index.js', 436, 420 ]
127 silly gunzTarPerm extractEntry lib/
128 silly gunzTarPerm modified mode [ 'lib/', 509, 493 ]
129 silly gunzTarPerm extractEntry lib/WebpackConfig.js
130 silly gunzTarPerm modified mode [ 'lib/WebpackConfig.js', 436, 420 ]
131 silly gunzTarPerm extractEntry lib/config-generator.js
132 silly gunzTarPerm modified mode [ 'lib/config-generator.js', 436, 420 ]
133 silly gunzTarPerm extractEntry lib/config/
134 silly gunzTarPerm modified mode [ 'lib/config/', 509, 493 ]
135 silly gunzTarPerm extractEntry lib/config/RuntimeConfig.js
136 silly gunzTarPerm modified mode [ 'lib/config/RuntimeConfig.js', 436, 420 ]
137 silly gunzTarPerm extractEntry lib/config/parse-runtime.js
138 silly gunzTarPerm modified mode [ 'lib/config/parse-runtime.js', 436, 420 ]
139 silly gunzTarPerm extractEntry lib/config/path-util.js
140 silly gunzTarPerm modified mode [ 'lib/config/path-util.js', 436, 420 ]
141 silly gunzTarPerm extractEntry lib/config/validator.js
142 silly gunzTarPerm modified mode [ 'lib/config/validator.js', 436, 420 ]
143 silly gunzTarPerm extractEntry lib/context.js
144 silly gunzTarPerm modified mode [ 'lib/context.js', 436, 420 ]
145 silly gunzTarPerm extractEntry lib/features.js
146 silly gunzTarPerm modified mode [ 'lib/features.js', 436, 420 ]
147 silly gunzTarPerm extractEntry lib/friendly-errors/
148 silly gunzTarPerm modified mode [ 'lib/friendly-errors/', 509, 493 ]
149 silly gunzTarPerm extractEntry lib/friendly-errors/asset-output-display-plugin.js
150 silly gunzTarPerm modified mode [ 'lib/friendly-errors/asset-output-display-plugin.js',
150 silly gunzTarPerm   436,
150 silly gunzTarPerm   420 ]
151 silly gunzTarPerm extractEntry lib/friendly-errors/formatters/
152 silly gunzTarPerm modified mode [ 'lib/friendly-errors/formatters/', 509, 493 ]
153 silly gunzTarPerm extractEntry lib/friendly-errors/formatters/missing-loader.js
154 silly gunzTarPerm modified mode [ 'lib/friendly-errors/formatters/missing-loader.js', 436, 420 ]
155 silly gunzTarPerm extractEntry lib/friendly-errors/formatters/missing-postcss-config.js
156 silly gunzTarPerm modified mode [ 'lib/friendly-errors/formatters/missing-postcss-config.js',
156 silly gunzTarPerm   436,
156 silly gunzTarPerm   420 ]
157 silly gunzTarPerm extractEntry lib/friendly-errors/formatters/vue-unactivated-loader-error.js
158 silly gunzTarPerm modified mode [ 'lib/friendly-errors/formatters/vue-unactivated-loader-error.js',
158 silly gunzTarPerm   436,
158 silly gunzTarPerm   420 ]
159 silly gunzTarPerm extractEntry lib/friendly-errors/transformers/
160 silly gunzTarPerm modified mode [ 'lib/friendly-errors/transformers/', 509, 493 ]
161 silly gunzTarPerm extractEntry lib/friendly-errors/transformers/missing-loader.js
162 silly gunzTarPerm modified mode [ 'lib/friendly-errors/transformers/missing-loader.js',
162 silly gunzTarPerm   436,
162 silly gunzTarPerm   420 ]
163 silly gunzTarPerm extractEntry lib/friendly-errors/transformers/missing-postcss-config.js
164 silly gunzTarPerm modified mode [ 'lib/friendly-errors/transformers/missing-postcss-config.js',
164 silly gunzTarPerm   436,
164 silly gunzTarPerm   420 ]
165 silly gunzTarPerm extractEntry lib/friendly-errors/transformers/vue-unactivated-loader-error.js
166 silly gunzTarPerm modified mode [ 'lib/friendly-errors/transformers/vue-unactivated-loader-error.js',
166 silly gunzTarPerm   436,
166 silly gunzTarPerm   420 ]
167 silly gunzTarPerm extractEntry lib/loaders/
168 silly gunzTarPerm modified mode [ 'lib/loaders/', 509, 493 ]
169 silly gunzTarPerm extractEntry lib/loaders/babel.js
170 silly gunzTarPerm modified mode [ 'lib/loaders/babel.js', 436, 420 ]
171 silly gunzTarPerm extractEntry lib/loaders/css.js
172 silly gunzTarPerm modified mode [ 'lib/loaders/css.js', 436, 420 ]
173 silly gunzTarPerm extractEntry lib/loaders/extract-text.js
174 silly gunzTarPerm modified mode [ 'lib/loaders/extract-text.js', 436, 420 ]
175 silly gunzTarPerm extractEntry lib/loaders/less.js
176 silly gunzTarPerm modified mode [ 'lib/loaders/less.js', 436, 420 ]
177 silly gunzTarPerm extractEntry lib/loaders/sass.js
178 silly gunzTarPerm modified mode [ 'lib/loaders/sass.js', 436, 420 ]
179 silly gunzTarPerm extractEntry lib/loaders/typescript.js
180 silly gunzTarPerm modified mode [ 'lib/loaders/typescript.js', 436, 420 ]
181 silly gunzTarPerm extractEntry lib/loaders/vue-unactivated-loader.js
182 silly gunzTarPerm modified mode [ 'lib/loaders/vue-unactivated-loader.js', 436, 420 ]
183 silly gunzTarPerm extractEntry lib/loaders/vue.js
184 silly gunzTarPerm modified mode [ 'lib/loaders/vue.js', 436, 420 ]
185 silly gunzTarPerm extractEntry lib/logger.js
186 silly gunzTarPerm modified mode [ 'lib/logger.js', 436, 420 ]
187 silly gunzTarPerm extractEntry lib/package-helper.js
188 silly gunzTarPerm modified mode [ 'lib/package-helper.js', 436, 420 ]
189 silly gunzTarPerm extractEntry lib/plugins/
190 silly gunzTarPerm modified mode [ 'lib/plugins/', 509, 493 ]
191 silly gunzTarPerm extractEntry lib/plugins/asset-output-display.js
192 silly gunzTarPerm modified mode [ 'lib/plugins/asset-output-display.js', 436, 420 ]
193 silly gunzTarPerm extractEntry lib/plugins/clean.js
194 silly gunzTarPerm modified mode [ 'lib/plugins/clean.js', 436, 420 ]
195 silly gunzTarPerm extractEntry lib/plugins/common-chunks.js
196 silly gunzTarPerm modified mode [ 'lib/plugins/common-chunks.js', 436, 420 ]
197 silly gunzTarPerm extractEntry lib/plugins/define.js
198 silly gunzTarPerm modified mode [ 'lib/plugins/define.js', 436, 420 ]
199 silly gunzTarPerm extractEntry lib/plugins/delete-unused-entries.js
200 silly gunzTarPerm modified mode [ 'lib/plugins/delete-unused-entries.js', 436, 420 ]
201 silly gunzTarPerm extractEntry lib/plugins/extract-text.js
202 silly gunzTarPerm modified mode [ 'lib/plugins/extract-text.js', 436, 420 ]
203 silly gunzTarPerm extractEntry lib/plugins/forked-ts-types.js
204 silly gunzTarPerm modified mode [ 'lib/plugins/forked-ts-types.js', 436, 420 ]
205 silly gunzTarPerm extractEntry lib/plugins/friendly-errors.js
206 silly gunzTarPerm modified mode [ 'lib/plugins/friendly-errors.js', 436, 420 ]
207 silly gunzTarPerm extractEntry lib/plugins/loader-options.js
208 silly gunzTarPerm modified mode [ 'lib/plugins/loader-options.js', 436, 420 ]
209 silly gunzTarPerm extractEntry lib/plugins/manifest.js
210 silly gunzTarPerm modified mode [ 'lib/plugins/manifest.js', 436, 420 ]
211 silly gunzTarPerm extractEntry lib/plugins/uglify.js
212 silly gunzTarPerm modified mode [ 'lib/plugins/uglify.js', 436, 420 ]
213 silly gunzTarPerm extractEntry lib/plugins/variable-provider.js
214 silly gunzTarPerm modified mode [ 'lib/plugins/variable-provider.js', 436, 420 ]
215 silly gunzTarPerm extractEntry lib/plugins/versioning.js
216 silly gunzTarPerm modified mode [ 'lib/plugins/versioning.js', 436, 420 ]
217 silly gunzTarPerm extractEntry lib/test/
218 silly gunzTarPerm modified mode [ 'lib/test/', 509, 493 ]
219 silly gunzTarPerm extractEntry lib/test/assert.js
220 silly gunzTarPerm modified mode [ 'lib/test/assert.js', 436, 420 ]
221 silly gunzTarPerm extractEntry lib/test/setup.js
222 silly gunzTarPerm modified mode [ 'lib/test/setup.js', 436, 420 ]
223 silly gunzTarPerm extractEntry lib/webpack/
224 silly gunzTarPerm modified mode [ 'lib/webpack/', 509, 493 ]
225 silly gunzTarPerm extractEntry lib/webpack/delete-unused-entries-js-plugin.js
226 silly gunzTarPerm modified mode [ 'lib/webpack/delete-unused-entries-js-plugin.js', 436, 420 ]
227 silly gunzTarPerm extractEntry lib/webpack/webpack-manifest-plugin.js
228 silly gunzTarPerm modified mode [ 'lib/webpack/webpack-manifest-plugin.js', 436, 420 ]
229 silly gunzTarPerm extractEntry package.json
230 silly gunzTarPerm modified mode [ 'package.json', 436, 420 ]
231 silly gunzTarPerm extractEntry test/
232 silly gunzTarPerm modified mode [ 'test/', 509, 493 ]
233 silly gunzTarPerm extractEntry test/.eslintrc.js
234 silly gunzTarPerm modified mode [ 'test/.eslintrc.js', 436, 420 ]
235 silly gunzTarPerm extractEntry test/WebpackConfig.js
236 silly gunzTarPerm modified mode [ 'test/WebpackConfig.js', 436, 420 ]
237 silly gunzTarPerm extractEntry test/bin/
238 silly gunzTarPerm modified mode [ 'test/bin/', 509, 493 ]
239 silly gunzTarPerm extractEntry test/bin/encore.js
240 silly gunzTarPerm modified mode [ 'test/bin/encore.js', 436, 420 ]
241 silly gunzTarPerm extractEntry test/config-generator.js
242 silly gunzTarPerm modified mode [ 'test/config-generator.js', 436, 420 ]
243 silly gunzTarPerm extractEntry test/config/
244 silly gunzTarPerm modified mode [ 'test/config/', 509, 493 ]
245 silly gunzTarPerm extractEntry test/config/parse-runtime.js
246 silly gunzTarPerm modified mode [ 'test/config/parse-runtime.js', 436, 420 ]
247 silly gunzTarPerm extractEntry test/config/path-util.js
248 silly gunzTarPerm modified mode [ 'test/config/path-util.js', 436, 420 ]
249 silly gunzTarPerm extractEntry test/config/validator.js
250 silly gunzTarPerm modified mode [ 'test/config/validator.js', 436, 420 ]
251 silly gunzTarPerm extractEntry test/friendly-errors/
252 silly gunzTarPerm modified mode [ 'test/friendly-errors/', 509, 493 ]
253 silly gunzTarPerm extractEntry test/friendly-errors/formatters/
254 silly gunzTarPerm modified mode [ 'test/friendly-errors/formatters/', 509, 493 ]
255 silly gunzTarPerm extractEntry test/friendly-errors/formatters/missing-loader.js
256 silly gunzTarPerm modified mode [ 'test/friendly-errors/formatters/missing-loader.js', 436, 420 ]
257 silly gunzTarPerm extractEntry test/friendly-errors/transformers/
258 silly gunzTarPerm modified mode [ 'test/friendly-errors/transformers/', 509, 493 ]
259 silly gunzTarPerm extractEntry test/friendly-errors/transformers/missing-loader.js
260 silly gunzTarPerm modified mode [ 'test/friendly-errors/transformers/missing-loader.js',
260 silly gunzTarPerm   436,
260 silly gunzTarPerm   420 ]
261 silly gunzTarPerm extractEntry test/functional.js
262 silly gunzTarPerm modified mode [ 'test/functional.js', 436, 420 ]
263 silly gunzTarPerm extractEntry test/index.js
264 silly gunzTarPerm modified mode [ 'test/index.js', 436, 420 ]
265 silly gunzTarPerm extractEntry test/loaders/
266 silly gunzTarPerm modified mode [ 'test/loaders/', 509, 493 ]
267 silly gunzTarPerm extractEntry test/loaders/babel.js
268 silly gunzTarPerm modified mode [ 'test/loaders/babel.js', 436, 420 ]
269 silly gunzTarPerm extractEntry test/loaders/css.js
270 silly gunzTarPerm modified mode [ 'test/loaders/css.js', 436, 420 ]
271 silly gunzTarPerm extractEntry test/loaders/less.js
272 silly gunzTarPerm modified mode [ 'test/loaders/less.js', 436, 420 ]
273 silly gunzTarPerm extractEntry test/loaders/sass.js
274 silly gunzTarPerm modified mode [ 'test/loaders/sass.js', 436, 420 ]
275 silly gunzTarPerm extractEntry test/loaders/typescript.js
276 silly gunzTarPerm modified mode [ 'test/loaders/typescript.js', 436, 420 ]
277 silly gunzTarPerm extractEntry test/loaders/vue.js
278 silly gunzTarPerm modified mode [ 'test/loaders/vue.js', 436, 420 ]
279 silly gunzTarPerm extractEntry test/logger.js
280 silly gunzTarPerm modified mode [ 'test/logger.js', 436, 420 ]
281 silly gunzTarPerm extractEntry test/plugins/
282 silly gunzTarPerm modified mode [ 'test/plugins/', 509, 493 ]
283 silly gunzTarPerm extractEntry test/plugins/forked-ts-types.js
284 silly gunzTarPerm modified mode [ 'test/plugins/forked-ts-types.js', 436, 420 ]
285 silly gunzTarPerm extractEntry yarn.lock
286 silly gunzTarPerm modified mode [ 'yarn.lock', 436, 420 ]
287 silly lockFile ebba1691-6670-0-22144364123232663-package tar:///home/limakpol/tmp/npm-30493-75dkb89B/1505149716670-0.22144364123232663/package
288 silly lockFile ebba1691-6670-0-22144364123232663-package tar:///home/limakpol/tmp/npm-30493-75dkb89B/1505149716670-0.22144364123232663/package
289 silly lockFile be3cc0a7-6670-0-22144364123232663-tmp-tgz tar:///home/limakpol/tmp/npm-30493-75dkb89B/1505149716670-0.22144364123232663/tmp.tgz
290 silly lockFile be3cc0a7-6670-0-22144364123232663-tmp-tgz tar:///home/limakpol/tmp/npm-30493-75dkb89B/1505149716670-0.22144364123232663/tmp.tgz
291 silly lockFile dde27422-ithub-com-symfony-webpack-encore git://github.com/symfony/webpack-encore
292 silly lockFile dde27422-ithub-com-symfony-webpack-encore git://github.com/symfony/webpack-encore
293 info maybeGithub Attempting symfony/webpack-encore from git+ssh://git@github.com:symfony/webpack-encore
294 silly lockFile 5a357fe3-ithub-com-symfony-webpack-encore git+ssh://git@github.com:symfony/webpack-encore
295 verbose lock git+ssh://git@github.com:symfony/webpack-encore /home/limakpol/.npm/5a357fe3-ithub-com-symfony-webpack-encore.lock
296 verbose addRemoteGit [ 'git@github.com:symfony/webpack-encore', 'master' ]
297 error git clone git@github.com:symfony/webpack-encore Cloning into bare repository '/home/limakpol/.npm/_git-remotes/git-github-com-symfony-webpack-encore-f9340cda'...
297 error git clone git@github.com:symfony/webpack-encore Permission denied (publickey).
297 error git clone git@github.com:symfony/webpack-encore fatal: Could not read from remote repository.
297 error git clone git@github.com:symfony/webpack-encore
297 error git clone git@github.com:symfony/webpack-encore Please make sure you have the correct access rights
297 error git clone git@github.com:symfony/webpack-encore and the repository exists.
298 silly lockFile f9340cda-ithub-com-symfony-webpack-encore git@github.com:symfony/webpack-encore
299 silly lockFile 3a2d349e-symfony-webpack-encore symfony/webpack-encore
300 silly lockFile 3a2d349e-symfony-webpack-encore symfony/webpack-encore
301 error addLocal Could not install symfony/webpack-encore
302 error Error: ENOENT, stat 'symfony/webpack-encore'
303 error If you need help, you may report this log at:
303 error     <http://github.com/isaacs/npm/issues>
303 error or email it to:
303 error     <npm-@googlegroups.com>
304 error System Linux 3.16.0-38-generic
305 error command "/usr/bin/nodejs" "/usr/bin/npm" "install" "@symfony/webpack-encore" "--save-dev"
306 error cwd /home/limakpol/www/local.warsztatowiec.pl
307 error node -v v0.10.25
308 error npm -v 1.3.10
309 error path symfony/webpack-encore
310 error code ENOENT
311 error errno 34
312 verbose exit [ 34, true ]
